<?xml version="1.0" encoding="UTF-8"?>
<robot generator="Robot 7.2.2 (Python 3.11.9 on win32)" generated="2025-04-28T10:51:11.411243" rpa="false" schemaversion="5">
<suite id="s1" name="Amazon Teste" source="C:\Users\munar\Desktop\robot_framework\Robot-test\WebTesting\amazon_teste.robot">
<test id="s1-t1" name="Caso de Teste 01 - Acesso ao menu &quot;Ofertas do Dia&quot;" line="12">
<kw name="Abrir o navegador" owner="amazon_resources" type="SETUP">
<kw name="Open Browser" owner="SeleniumLibrary">
<msg time="2025-04-28T10:51:12.690415" level="INFO">Opening browser 'chrome' to base url 'https://www.amazon.com.br/gp/goldbox'.</msg>
<arg>${URL}</arg>
<arg>browser=chrome</arg>
<doc>Opens a new browser instance to the optional ``url``.</doc>
<status status="PASS" start="2025-04-28T10:51:12.690415" elapsed="3.627245"/>
</kw>
<status status="PASS" start="2025-04-28T10:51:12.674659" elapsed="3.643001"/>
</kw>
<kw name="Acessar a home page do site Amazon.com.br" owner="amazon_resources">
<kw name="Open Browser" owner="SeleniumLibrary">
<msg time="2025-04-28T10:51:16.320633" level="INFO">Opening browser 'chrome' to base url 'https://www.amazon.com.br/gp/goldbox'.</msg>
<arg>${URL}</arg>
<arg>chrome</arg>
<doc>Opens a new browser instance to the optional ``url``.</doc>
<status status="PASS" start="2025-04-28T10:51:16.320633" elapsed="3.774229"/>
</kw>
<kw name="Maximize Browser Window" owner="SeleniumLibrary">
<doc>Maximizes current browser window.</doc>
<status status="PASS" start="2025-04-28T10:51:20.094862" elapsed="0.065200"/>
</kw>
<kw name="Sleep" owner="BuiltIn">
<msg time="2025-04-28T10:51:25.161442" level="INFO">Slept 5 seconds.</msg>
<arg>5s</arg>
<doc>Pauses the test executed for the given time.</doc>
<status status="PASS" start="2025-04-28T10:51:20.160062" elapsed="5.001380"/>
</kw>
<status status="PASS" start="2025-04-28T10:51:16.319513" elapsed="8.841929"/>
</kw>
<kw name="Entrar no menu &quot;Ofertas do Dia&quot;" owner="amazon_resources">
<kw name="Click Link" owner="SeleniumLibrary">
<msg time="2025-04-28T10:51:25.161442" level="INFO">Clicking link 'xpath=//a[contains(text(), 'Ofertas do Dia')]'.</msg>
<arg>xpath=//a[contains(text(), 'Ofertas do Dia')]</arg>
<doc>Clicks a link identified by ``locator``.</doc>
<status status="PASS" start="2025-04-28T10:51:25.161442" elapsed="1.093611"/>
</kw>
<status status="PASS" start="2025-04-28T10:51:25.161442" elapsed="1.093611"/>
</kw>
<kw name="Verificar se o título da página fica &quot;Ofertas e Promoções | Amazon.com.br&quot;" owner="amazon_resources">
<kw name="Title Should Be" owner="SeleniumLibrary">
<msg time="2025-04-28T10:51:26.320402" level="INFO">Page title is 'Ofertas e Promoções | Amazon.com.br'.</msg>
<arg>Ofertas e Promoções | Amazon.com.br</arg>
<doc>Verifies that the current page title equals ``title``.</doc>
<status status="PASS" start="2025-04-28T10:51:26.257085" elapsed="0.063317"/>
</kw>
<status status="PASS" start="2025-04-28T10:51:26.256073" elapsed="0.064329"/>
</kw>
<kw name="Verificar se aparece a frase &quot;Ofertas e Promoções&quot;" owner="amazon_resources">
<kw name="Page Should Contain" owner="SeleniumLibrary">
<msg time="2025-04-28T10:51:26.370052" level="INFO">Current page contains text 'Ofertas e Promoções'.</msg>
<arg>Ofertas e Promoções</arg>
<doc>Verifies that current page contains ``text``.</doc>
<status status="PASS" start="2025-04-28T10:51:26.326288" elapsed="0.043764"/>
</kw>
<status status="PASS" start="2025-04-28T10:51:26.326288" elapsed="0.043764"/>
</kw>
<kw name="Verificar se aparece a categoria &quot;Para Você&quot;" owner="amazon_resources">
<kw name="Page Should Contain" owner="SeleniumLibrary">
<msg time="2025-04-28T10:51:26.714785" level="INFO" html="true">&lt;/td&gt;&lt;/tr&gt;&lt;tr&gt;&lt;td colspan="3"&gt;&lt;a href="selenium-screenshot-7.png"&gt;&lt;img src="selenium-screenshot-7.png" width="800px"&gt;&lt;/a&gt;</msg>
<msg time="2025-04-28T10:51:26.714785" level="FAIL">Page should have contained text 'Para Você' but did not.</msg>
<arg>Para Você</arg>
<doc>Verifies that current page contains ``text``.</doc>
<status status="FAIL" start="2025-04-28T10:51:26.371446" elapsed="0.398674">Page should have contained text 'Para Você' but did not.</status>
</kw>
<status status="FAIL" start="2025-04-28T10:51:26.370052" elapsed="0.400068">Page should have contained text 'Para Você' but did not.</status>
</kw>
<kw name="Fechar o navegador" owner="amazon_resources" type="TEARDOWN">
<kw name="Close Browser" owner="SeleniumLibrary">
<doc>Closes the current browser.</doc>
<status status="PASS" start="2025-04-28T10:51:26.771129" elapsed="2.207960"/>
</kw>
<status status="PASS" start="2025-04-28T10:51:26.771129" elapsed="2.207960"/>
</kw>
<doc>Teste de acesso ao menu "Ofertas do Dia" na Amazon
Este teste verifica se o menu "Ofertas do Dia" está acessível e se a página carrega corretamente.</doc>
<tag>menus</tag>
<tag>ofertas_dia</tag>
<status status="FAIL" start="2025-04-28T10:51:12.674659" elapsed="16.304430">Page should have contained text 'Para Você' but did not.</status>
</test>
<test id="s1-t2" name="Caso de Teste 02 - Pesquisa de um Produto" line="23">
<kw name="Abrir o navegador" owner="amazon_resources" type="SETUP">
<kw name="Open Browser" owner="SeleniumLibrary">
<msg time="2025-04-28T10:51:28.979089" level="INFO">Opening browser 'chrome' to base url 'https://www.amazon.com.br/gp/goldbox'.</msg>
<arg>${URL}</arg>
<arg>browser=chrome</arg>
<doc>Opens a new browser instance to the optional ``url``.</doc>
<status status="PASS" start="2025-04-28T10:51:28.979089" elapsed="2.636679"/>
</kw>
<status status="PASS" start="2025-04-28T10:51:28.979089" elapsed="2.636679"/>
</kw>
<kw name="Acessar a home page do site Amazon.com.br" owner="amazon_resources">
<kw name="Open Browser" owner="SeleniumLibrary">
<msg time="2025-04-28T10:51:31.618968" level="INFO">Opening browser 'chrome' to base url 'https://www.amazon.com.br/gp/goldbox'.</msg>
<arg>${URL}</arg>
<arg>chrome</arg>
<doc>Opens a new browser instance to the optional ``url``.</doc>
<status status="PASS" start="2025-04-28T10:51:31.617957" elapsed="3.296284"/>
</kw>
<kw name="Maximize Browser Window" owner="SeleniumLibrary">
<doc>Maximizes current browser window.</doc>
<status status="PASS" start="2025-04-28T10:51:34.915618" elapsed="0.087328"/>
</kw>
<kw name="Sleep" owner="BuiltIn">
<msg time="2025-04-28T10:51:40.004362" level="INFO">Slept 5 seconds.</msg>
<arg>5s</arg>
<doc>Pauses the test executed for the given time.</doc>
<status status="PASS" start="2025-04-28T10:51:35.002946" elapsed="5.001416"/>
</kw>
<status status="PASS" start="2025-04-28T10:51:31.616838" elapsed="8.387524"/>
</kw>
<kw name="Digitar o nome de produto &quot;Iphone 16&quot; no campo de pesquisa" owner="amazon_resources">
<kw name="Wait Until Element Is Visible" owner="SeleniumLibrary">
<arg>id=twotabsearchtextbox</arg>
<arg>10s</arg>
<doc>Waits until the element ``locator`` is visible.</doc>
<status status="PASS" start="2025-04-28T10:51:40.004362" elapsed="0.092804"/>
</kw>
<kw name="Input Text" owner="SeleniumLibrary">
<msg time="2025-04-28T10:51:40.097166" level="INFO">Typing text 'Iphone 16' into text field 'id=twotabsearchtextbox'.</msg>
<arg>id=twotabsearchtextbox</arg>
<arg>Iphone 16</arg>
<doc>Types the given ``text`` into the text field identified by ``locator``.</doc>
<status status="PASS" start="2025-04-28T10:51:40.097166" elapsed="0.195311"/>
</kw>
<status status="PASS" start="2025-04-28T10:51:40.004362" elapsed="0.288115"/>
</kw>
<kw name="Clicar no botão de pesquisa" owner="amazon_resources">
<kw name="Wait Until Element Is Visible" owner="SeleniumLibrary">
<arg>id=nav-search-submit-button</arg>
<arg>10s</arg>
<doc>Waits until the element ``locator`` is visible.</doc>
<status status="PASS" start="2025-04-28T10:51:40.293502" elapsed="0.015883"/>
</kw>
<kw name="Click Button" owner="SeleniumLibrary">
<msg time="2025-04-28T10:51:40.309385" level="INFO">Clicking button 'id=nav-search-submit-button'.</msg>
<arg>id=nav-search-submit-button</arg>
<doc>Clicks the button identified by ``locator``.</doc>
<status status="PASS" start="2025-04-28T10:51:40.309385" elapsed="1.530917"/>
</kw>
<status status="PASS" start="2025-04-28T10:51:40.292477" elapsed="1.547825"/>
</kw>
<kw name="Verificar o resultado da pesquisa se esta listando o produto pesquisado" owner="amazon_resources">
<kw name="Capture Element Screenshot" owner="SeleniumLibrary">
<msg time="2025-04-28T10:51:42.072096" level="INFO" html="true">&lt;/td&gt;&lt;/tr&gt;&lt;tr&gt;&lt;td colspan="3"&gt;&lt;a href="selenium-screenshot-8.png"&gt;&lt;img src="selenium-screenshot-8.png" width="800px"&gt;&lt;/a&gt;</msg>
<msg time="2025-04-28T10:51:42.073103" level="FAIL">Element with locator 'locator' not found.</msg>
<arg>locator</arg>
<doc>Captures a screenshot from the element identified by ``locator`` and embeds it into log file.</doc>
<status status="FAIL" start="2025-04-28T10:51:41.841302" elapsed="0.277662">Element with locator 'locator' not found.</status>
</kw>
<kw name="Page Should Contain" owner="SeleniumLibrary">
<arg>Iphone 16</arg>
<doc>Verifies that current page contains ``text``.</doc>
<status status="NOT RUN" start="2025-04-28T10:51:42.118964" elapsed="0.000000"/>
</kw>
<status status="FAIL" start="2025-04-28T10:51:41.841302" elapsed="0.277662">Element with locator 'locator' not found.</status>
</kw>
<kw name="Fechar o navegador" owner="amazon_resources" type="TEARDOWN">
<kw name="Close Browser" owner="SeleniumLibrary">
<doc>Closes the current browser.</doc>
<status status="PASS" start="2025-04-28T10:51:42.120045" elapsed="2.206777"/>
</kw>
<status status="PASS" start="2025-04-28T10:51:42.120045" elapsed="2.206777"/>
</kw>
<doc>Teste de pesquisa de um produto na Amazon</doc>
<tag>busca_produtos</tag>
<tag>iphone_16</tag>
<status status="FAIL" start="2025-04-28T10:51:28.979089" elapsed="15.347733">Element with locator 'locator' not found.</status>
</test>
<doc>Essa suite testa o site da Amazon.com.br utilizando o Robot Framework.</doc>
<status status="FAIL" start="2025-04-28T10:51:11.411243" elapsed="32.915579"/>
</suite>
<statistics>
<total>
<stat pass="0" fail="2" skip="0">All Tests</stat>
</total>
<tag>
<stat pass="0" fail="1" skip="0">busca_produtos</stat>
<stat pass="0" fail="1" skip="0">iphone_16</stat>
<stat pass="0" fail="1" skip="0">menus</stat>
<stat pass="0" fail="1" skip="0">ofertas_dia</stat>
</tag>
<suite>
<stat name="Amazon Teste" id="s1" pass="0" fail="2" skip="0">Amazon Teste</stat>
</suite>
</statistics>
<errors>
</errors>
</robot>
